<?xml version="1.0" encoding="UTF-8"?>
<!-- Generated by org.testng.reporters.JUnitReportReporter -->
<testsuite hostname="hema" failures="0" tests="3" name="APITesting.APITesting.ECommAPITest" time="3.002" errors="0" timestamp="2024-08-10T23:00:40 IST" skipped="0">
  <testcase classname="APITesting.APITesting.ECommAPITest" name="getToken" time="1.985"/>
  <system-out/>
  <testcase classname="APITesting.APITesting.ECommAPITest" name="addProduct" time="0.810"/>
  <system-out/>
  <testcase classname="APITesting.APITesting.ECommAPITest" name="createOrder" time="0.207"/>
  <system-out/>
</testsuite> <!-- APITesting.APITesting.ECommAPITest -->
