<?xml version="1.0" encoding="UTF-8"?>
<!-- Generated by org.testng.reporters.JUnitReportReporter -->
<testsuite hostname="hema" failures="0" tests="4" name="tests.ECommAPITest" time="3.013" errors="0" timestamp="2024-08-11T15:07:34 IST" skipped="0">
  <testcase classname="tests.ECommAPITest" name="getToken" time="1.933"/>
  <system-out/>
  <testcase classname="tests.ECommAPITest" name="addProduct" time="0.733"/>
  <system-out/>
  <testcase classname="tests.ECommAPITest" name="createOrder" time="0.157"/>
  <system-out/>
  <testcase classname="tests.ECommAPITest" name="deleteProduct" time="0.190"/>
  <system-out/>
</testsuite> <!-- tests.ECommAPITest -->
